C:\USERS\CHRISTIAN\DOCUMENTS\WORKSPACE\WOSD\WOSDSLN_VC10\DEBUG\OSD.EXE
C:\USERS\CHRISTIAN\DOCUMENTS\WORKSPACE\WOSD\WOSDSLN_VC10\DEBUG\OSD.ILK
C:\USERS\CHRISTIAN\DOCUMENTS\WORKSPACE\WOSD\WOSDSLN_VC10\DEBUG\OSD.PDB
C:\USERS\CHRISTIAN\DOCUMENTS\WORKSPACE\WOSD\WOSDSLN_VC10\DEBUG\WOSD.EXE
C:\USERS\CHRISTIAN\DOCUMENTS\WORKSPACE\WOSD\WOSDSLN_VC10\DEBUG\WOSD.ILK
C:\USERS\CHRISTIAN\DOCUMENTS\WORKSPACE\WOSD\WOSDSLN_VC10\DEBUG\WOSD.PDB
C:\Users\christian\Documents\workspace\wosd\wosdsln_vc10\wosd\Debug\cl.command.1.tlog
C:\Users\christian\Documents\workspace\wosd\wosdsln_vc10\wosd\Debug\CL.read.1.tlog
C:\Users\christian\Documents\workspace\wosd\wosdsln_vc10\wosd\Debug\CL.write.1.tlog
C:\Users\christian\Documents\workspace\wosd\wosdsln_vc10\wosd\Debug\link.command.1.tlog
C:\Users\christian\Documents\workspace\wosd\wosdsln_vc10\wosd\Debug\link.read.1.tlog
C:\Users\christian\Documents\workspace\wosd\wosdsln_vc10\wosd\Debug\link.write.1.tlog
C:\Users\christian\Documents\workspace\wosd\wosdsln_vc10\wosd\Debug\mt.command.1.tlog
C:\Users\christian\Documents\workspace\wosd\wosdsln_vc10\wosd\Debug\mt.read.1.tlog
C:\Users\christian\Documents\workspace\wosd\wosdsln_vc10\wosd\Debug\mt.write.1.tlog
C:\USERS\CHRISTIAN\DOCUMENTS\WORKSPACE\WOSD\WOSDSLN_VC10\WOSD\DEBUG\OSD.EXE.INTERMEDIATE.MANIFEST
C:\USERS\CHRISTIAN\DOCUMENTS\WORKSPACE\WOSD\WOSDSLN_VC10\WOSD\DEBUG\OSD.OBJ
C:\Users\christian\Documents\workspace\wosd\wosdsln_vc10\wosd\Debug\vc100.idb
C:\USERS\CHRISTIAN\DOCUMENTS\WORKSPACE\WOSD\WOSDSLN_VC10\WOSD\DEBUG\VC100.PDB
C:\USERS\CHRISTIAN\DOCUMENTS\WORKSPACE\WOSD\WOSDSLN_VC10\WOSD\DEBUG\WINOSD.OBJ
C:\USERS\CHRISTIAN\DOCUMENTS\WORKSPACE\WOSD\WOSDSLN_VC10\WOSD\DEBUG\WOSD.EXE.INTERMEDIATE.MANIFEST
C:\USERS\CHRISTIAN\DOCUMENTS\WORKSPACE\WOSD\WOSDSLN_VC10\WOSD\DEBUG\WOSD.OBJ
