La génération a démarré 27/08/2010 23:53:23.
Projet "C:\Users\christian\Documents\workspace\wosd\wosdsln_vc10\wosd\wosd.vcxproj" sur le nœud 2 (build cible(s)).
PrepareForBuild:
  Création du répertoire "C:\Users\christian\Documents\workspace\wosd\wosdsln_vc10\Release\".
InitializeBuildStatus:
  Création de "Release\wosd.unsuccessfulbuild", car "AlwaysCreate" a été spécifié.
ClCompile:
  C:\Program Files\Microsoft Visual Studio 10.0\VC\bin\CL.exe /c /Zi /nologo /W3 /WX- /O2 /Oi /Oy- /GL /D _MBCS /Gm- /EHsc /MD /GS /Gy /fp:precise /Zc:wchar_t /Zc:forScope /Fo"Release\\" /Fd"Release\vc100.pdb" /Gd /TP /analyze- /errorReport:prompt ..\..\src\WinOSD.cpp ..\..\test\osd.cpp
  WinOSD.cpp
  osd.cpp
Link:
  C:\Program Files\Microsoft Visual Studio 10.0\VC\bin\link.exe /ERRORREPORT:PROMPT /OUT:"C:\Users\christian\Documents\workspace\wosd\wosdsln_vc10\Release\osd.exe" /NOLOGO kernel32.lib user32.lib gdi32.lib winspool.lib comdlg32.lib advapi32.lib shell32.lib ole32.lib oleaut32.lib uuid.lib odbc32.lib odbccp32.lib /MANIFEST /ManifestFile:"Release\osd.exe.intermediate.manifest" /MANIFESTUAC:"level='asInvoker' uiAccess='false'" /DEBUG /PDB:"C:\Users\christian\Documents\workspace\wosd\wosdsln_vc10\Release\osd.pdb" /OPT:REF /OPT:ICF /LTCG /TLBID:1 /DYNAMICBASE /NXCOMPAT /IMPLIB:"C:\Users\christian\Documents\workspace\wosd\wosdsln_vc10\Release\osd.lib" /MACHINE:X86 Release\WinOSD.obj
  Release\osd.obj
  Génération de code en cours
  Fin de la génération du code
  wosd.vcxproj -> C:\Users\christian\Documents\workspace\wosd\wosdsln_vc10\Release\osd.exe
Manifest:
  C:\Program Files\Microsoft SDKs\Windows\v7.0A\bin\mt.exe /nologo /verbose /outputresource:"C:\Users\christian\Documents\workspace\wosd\wosdsln_vc10\Release\osd.exe;#1" /manifest Release\osd.exe.intermediate.manifest
FinalizeBuildStatus:
  Suppression du fichier "Release\wosd.unsuccessfulbuild".
  Mise à jour de l'horodatage "Release\wosd.lastbuildstate".
Génération du projet "C:\Users\christian\Documents\workspace\wosd\wosdsln_vc10\wosd\wosd.vcxproj" terminée (build cible(s)).

La génération a réussi.

Temps écoulé 00:00:05.50
